<?xml version="1.0" encoding="UTF-8"?>
<!-- Generated by org.testng.reporters.JUnitReportReporter -->
<testsuite skipped="1" hostname="Zayns-Air.home" name="com.edureka.DataDriven.DDTExcel" tests="1" failures="0" timestamp="2023-03-21T12:35:04 EDT" time="0.000" errors="0">
  <testcase name="Demoproject" time="0.000" classname="com.edureka.DataDriven.DDTExcel">
    <skipped/>
  </testcase> <!-- Demoproject -->
  <system-out/>
</testsuite> <!-- com.edureka.DataDriven.DDTExcel -->
