<?xml version="1.0" encoding="UTF-8"?>
<!-- Generated by org.testng.reporters.JUnitReportReporter -->
<testsuite skipped="0" hostname="Zayns-Air.home" name="com.edureka.dbtest.SeleniumDatabaseTesting" tests="1" failures="0" timestamp="2023-04-03T11:35:35 EDT" time="0.028" errors="0">
  <testcase name="test" time="0.028" classname="com.edureka.dbtest.SeleniumDatabaseTesting"/>
  <system-out/>
</testsuite> <!-- com.edureka.dbtest.SeleniumDatabaseTesting -->
