<?xml version="1.0" encoding="UTF-8"?>
<!-- Generated by org.testng.reporters.JUnitReportReporter -->
<testsuite skipped="0" hostname="Zayns-Air.home" name="com.edureka.testng.DataProviderExample" tests="3" failures="0" timestamp="2023-03-20T11:45:19 EDT" time="0.012" errors="0">
  <testcase name="setData" time="0.007" classname="com.edureka.testng.DataProviderExample"/>
  <system-out/>
  <testcase name="setData" time="0.003" classname="com.edureka.testng.DataProviderExample"/>
  <system-out/>
  <testcase name="setData" time="0.002" classname="com.edureka.testng.DataProviderExample"/>
  <system-out/>
</testsuite> <!-- com.edureka.testng.DataProviderExample -->
