<?xml version="1.0" encoding="UTF-8"?>
<!-- Generated by org.testng.reporters.JUnitReportReporter -->
<testsuite skipped="0" hostname="Zayns-Air.home" name="com.edureka.jenkins.SeleniumYoutubeDemo" tests="1" failures="0" timestamp="2023-04-03T12:26:20 EDT" time="50.596" errors="0">
  <testcase name="JenkinsTest" time="50.596" classname="com.edureka.jenkins.SeleniumYoutubeDemo"/>
  <system-out/>
</testsuite> <!-- com.edureka.jenkins.SeleniumYoutubeDemo -->
