<?xml version="1.0" encoding="UTF-8"?>
<!-- Generated by org.testng.reporters.JUnitReportReporter -->
<testsuite skipped="0" hostname="Zayns-Air.home" name="com.edureka.testng.AnnotationsNG" tests="2" failures="0" timestamp="2023-02-13T11:50:35 EST" time="0.011" errors="0">
  <testcase name="testCase1" time="0.008" classname="com.edureka.testng.AnnotationsNG"/>
  <system-out/>
  <testcase name="testCase2" time="0.003" classname="com.edureka.testng.AnnotationsNG"/>
  <system-out/>
</testsuite> <!-- com.edureka.testng.AnnotationsNG -->
