<?xml version="1.0" encoding="UTF-8"?>
<!-- Generated by org.testng.reporters.JUnitReportReporter -->
<testsuite skipped="0" hostname="Zayns-Air.home" name="com.edureka.projects.HandlingAllControls" tests="1" failures="0" timestamp="2023-03-08T08:16:04 EST" time="22.935" errors="0">
  <testcase name="EdurekaProfile" time="22.935" classname="com.edureka.projects.HandlingAllControls"/>
  <system-out/>
</testsuite> <!-- com.edureka.projects.HandlingAllControls -->
